<?xml version="1.0" encoding="UTF-8"?>
<robot generator="Robot 7.0 (Python 3.12.1 on win32)" generated="2024-01-24T21:51:09.720377" rpa="false" schemaversion="5">
<suite id="s1" name="AutomationTest" source="D:\WILLY\LookingForJobs\Kalibrr\Talentlytica\Test\AutomationTest\TestCases\AutomationTest.robot">
<test id="s1-t1" name="LoginUser" line="12">
<kw name="Open Browser" owner="SeleniumLibrary">
<msg time="2024-01-24T21:51:10.037017" level="INFO">Opening browser 'chrome' to base url 'https://kompas.com'.</msg>
<arg>${url}</arg>
<arg>${browser}</arg>
<doc>Opens a new browser instance to the optional ``url``.</doc>
<status status="PASS" start="2024-01-24T21:51:10.037017" elapsed="9.933900"/>
</kw>
<kw name="Maximize Browser Window" owner="SeleniumLibrary">
<doc>Maximizes current browser window.</doc>
<status status="PASS" start="2024-01-24T21:51:19.971919" elapsed="0.652978"/>
</kw>
<kw name="Click Element" owner="SeleniumLibrary">
<msg time="2024-01-24T21:51:20.627029" level="INFO">Clicking element 'xpath://i[@id='sso__icon__login_top']'.</msg>
<arg>xpath://i[@id='sso__icon__login_top']</arg>
<doc>Click the element identified by ``locator``.</doc>
<status status="PASS" start="2024-01-24T21:51:20.625968" elapsed="0.361563"/>
</kw>
<kw name="Click Element" owner="SeleniumLibrary">
<msg time="2024-01-24T21:51:20.988530" level="INFO">Clicking element 'xpath://span[normalize-space()='Login']'.</msg>
<arg>xpath://span[normalize-space()='Login']</arg>
<doc>Click the element identified by ``locator``.</doc>
<status status="PASS" start="2024-01-24T21:51:20.987531" elapsed="2.151967"/>
</kw>
<kw name="Sleep" owner="BuiltIn">
<msg time="2024-01-24T21:51:28.142650" level="INFO">Slept 5 seconds.</msg>
<arg>5</arg>
<doc>Pauses the test executed for the given time.</doc>
<status status="PASS" start="2024-01-24T21:51:23.141487" elapsed="5.001163"/>
</kw>
<kw name="Input Text" owner="SeleniumLibrary">
<msg time="2024-01-24T21:51:28.143158" level="INFO">Typing text 'willywin1999@gmail.com' into text field 'id:email'.</msg>
<arg>id:email</arg>
<arg>${email}</arg>
<doc>Types the given ``text`` into the text field identified by ``locator``.</doc>
<status status="PASS" start="2024-01-24T21:51:28.143158" elapsed="0.122262"/>
</kw>
<kw name="Input Text" owner="SeleniumLibrary">
<msg time="2024-01-24T21:51:28.266428" level="INFO">Typing text 'TestAutomation123' into text field 'id:password'.</msg>
<arg>id:password</arg>
<arg>${password}</arg>
<doc>Types the given ``text`` into the text field identified by ``locator``.</doc>
<status status="PASS" start="2024-01-24T21:51:28.265420" elapsed="0.097445"/>
</kw>
<kw name="Click Element" owner="SeleniumLibrary">
<msg time="2024-01-24T21:51:28.362865" level="INFO">Clicking element 'xpath://input[@value='Login']'.</msg>
<arg>xpath://input[@value='Login']</arg>
<doc>Click the element identified by ``locator``.</doc>
<status status="PASS" start="2024-01-24T21:51:28.362865" elapsed="17.651899"/>
</kw>
<kw name="Sleep" owner="BuiltIn">
<msg time="2024-01-24T21:51:51.017309" level="INFO">Slept 5 seconds.</msg>
<arg>5</arg>
<doc>Pauses the test executed for the given time.</doc>
<status status="PASS" start="2024-01-24T21:51:46.015774" elapsed="5.001535"/>
</kw>
<kw name="Close Browser" owner="SeleniumLibrary">
<doc>Closes the current browser.</doc>
<status status="PASS" start="2024-01-24T21:51:51.017309" elapsed="2.300954"/>
</kw>
<status status="PASS" start="2024-01-24T21:51:10.035002" elapsed="43.284276"/>
</test>
<test id="s1-t2" name="SearchNews" line="30">
<kw name="Open Browser" owner="SeleniumLibrary">
<msg time="2024-01-24T21:51:53.320272" level="INFO">Opening browser 'chrome' to base url 'https://kompas.com'.</msg>
<arg>${url}</arg>
<arg>${browser}</arg>
<doc>Opens a new browser instance to the optional ``url``.</doc>
<status status="PASS" start="2024-01-24T21:51:53.320272" elapsed="38.747335"/>
</kw>
<kw name="Maximize Browser Window" owner="SeleniumLibrary">
<doc>Maximizes current browser window.</doc>
<status status="PASS" start="2024-01-24T21:52:32.069611" elapsed="0.437707"/>
</kw>
<kw name="Click Element" owner="SeleniumLibrary">
<msg time="2024-01-24T21:52:32.509316" level="INFO">Clicking element 'xpath://input[@id='search']'.</msg>
<arg>xpath://input[@id='search']</arg>
<doc>Click the element identified by ``locator``.</doc>
<status status="PASS" start="2024-01-24T21:52:32.508320" elapsed="0.358322"/>
</kw>
<kw name="Input Text" owner="SeleniumLibrary">
<msg time="2024-01-24T21:52:32.870859" level="INFO">Typing text 'pemilu' into text field 'id:search'.</msg>
<arg>id:search</arg>
<arg>${searchKey}</arg>
<doc>Types the given ``text`` into the text field identified by ``locator``.</doc>
<status status="PASS" start="2024-01-24T21:52:32.869865" elapsed="0.363108"/>
</kw>
<kw name="Press Keys" owner="SeleniumLibrary">
<msg time="2024-01-24T21:52:33.238105" level="INFO">Sending key(s) ('ENTER',) to xpath://input[@id='search'] element.</msg>
<msg time="2024-01-24T21:52:33.580618" level="INFO">Pressing special key ENTER to element.</msg>
<msg time="2024-01-24T21:52:33.580618" level="INFO">Releasing special key ENTER.</msg>
<arg>xpath://input[@id='search']</arg>
<arg>ENTER</arg>
<doc>Simulates the user pressing key(s) to an element or on the active browser.</doc>
<status status="PASS" start="2024-01-24T21:52:33.234536" elapsed="4.066152"/>
</kw>
<kw name="Sleep" owner="BuiltIn">
<msg time="2024-01-24T21:52:42.303748" level="INFO">Slept 5 seconds.</msg>
<arg>5</arg>
<doc>Pauses the test executed for the given time.</doc>
<status status="PASS" start="2024-01-24T21:52:37.301688" elapsed="5.002655"/>
</kw>
<kw name="Click Link" owner="SeleniumLibrary">
<msg time="2024-01-24T21:52:42.305261" level="INFO">Clicking link 'xpath://body/div[@class='wrap']/div[@class='container clearfix']/div[@class='row mt2 col-offset-fluid clearfix']/div[@class='col-bs10-7']/div[@id='___gcse_0']/div[@class='gsc-control-cse gsc-control-cse-en']/div[@class='gsc-control-wrapper-cse']/div[@class='gsc-results-wrapper-nooverlay gsc-results-wrapper-visible']/div[@class='gsc-wrapper']/div[@class='gsc-resultsbox-visible']/div[@class='gsc-resultsRoot gsc-tabData gsc-tabdActive']/div[@class='gsc-results gsc-webResult']/div[@class='gsc-expansionArea']/div[2]/div[1]/div[1]/div[1]/a[1]'.</msg>
<arg>xpath://body/div[@class='wrap']/div[@class='container clearfix']/div[@class='row mt2 col-offset-fluid clearfix']/div[@class='col-bs10-7']/div[@id='___gcse_0']/div[@class='gsc-control-cse gsc-control-cse-en']/div[@class='gsc-control-wrapper-cse']/div[@class='gsc-results-wrapper-nooverlay gsc-results-wrapper-visible']/div[@class='gsc-wrapper']/div[@class='gsc-resultsbox-visible']/div[@class='gsc-resultsRoot gsc-tabData gsc-tabdActive']/div[@class='gsc-results gsc-webResult']/div[@class='gsc-expansionArea']/div[2]/div[1]/div[1]/div[1]/a[1]</arg>
<doc>Clicks a link identified by ``locator``.</doc>
<status status="PASS" start="2024-01-24T21:52:42.304343" elapsed="17.665980"/>
</kw>
<kw name="Sleep" owner="BuiltIn">
<msg time="2024-01-24T21:53:04.974483" level="INFO">Slept 5 seconds.</msg>
<arg>5</arg>
<doc>Pauses the test executed for the given time.</doc>
<status status="PASS" start="2024-01-24T21:52:59.972952" elapsed="5.001531"/>
</kw>
<kw name="Scroll Element Into View" owner="SeleniumLibrary">
<arg>xpath://p[contains(text(),'- Undang-Undang (UU) Nomor 7 Tahun 2017 tentang Pe')]</arg>
<doc>Scrolls the element identified by ``locator`` into view.</doc>
<status status="PASS" start="2024-01-24T21:53:04.976417" elapsed="0.327053"/>
</kw>
<kw name="Sleep" owner="BuiltIn">
<msg time="2024-01-24T21:53:10.304804" level="INFO">Slept 5 seconds.</msg>
<arg>5</arg>
<doc>Pauses the test executed for the given time.</doc>
<status status="PASS" start="2024-01-24T21:53:05.304470" elapsed="5.000334"/>
</kw>
<kw name="Close Browser" owner="SeleniumLibrary">
<doc>Closes the current browser.</doc>
<status status="PASS" start="2024-01-24T21:53:10.304804" elapsed="2.462961"/>
</kw>
<status status="PASS" start="2024-01-24T21:51:53.319278" elapsed="79.449477"/>
</test>
<status status="PASS" start="2024-01-24T21:51:09.722373" elapsed="123.053891"/>
</suite>
<statistics>
<total>
<stat pass="2" fail="0" skip="0">All Tests</stat>
</total>
<tag>
</tag>
<suite>
<stat pass="2" fail="0" skip="0" id="s1" name="AutomationTest">AutomationTest</stat>
</suite>
</statistics>
<errors>
</errors>
</robot>
